This file contains any messages produced by compilers while
running configure, to aid debugging if configure makes a mistake.

It was created by iptables configure 1.4.19, which was
generated by GNU Autoconf 2.69.  Invocation command line was

  $ ./configure --prefix=/root/iptables-1.4.19/install --host=arm-fsl-linux-gnueabi

## --------- ##
## Platform. ##
## --------- ##

hostname = ubuntu
uname -m = x86_64
uname -r = 3.13.0-43-generic
uname -s = Linux
uname -v = #72~precise1-Ubuntu SMP Tue Dec 9 12:14:18 UTC 2014

/usr/bin/uname -p = unknown
/bin/uname -X     = unknown

/bin/arch              = unknown
/usr/bin/arch -k       = unknown
/usr/convex/getsysinfo = unknown
/usr/bin/hostinfo      = unknown
/bin/machine           = unknown
/usr/bin/oslevel       = unknown
/bin/universe          = unknown

PATH: /home/ubuntu/opt/freescale/usr/local/gcc-4.6.2-glibc-2.13-linaro-multilib-2011.12/fsl-linaro-toolchain/bin
PATH: /usr/local/sbin
PATH: /usr/local/bin
PATH: /usr/sbin
PATH: /usr/bin
PATH: /sbin
PATH: /bin


## ----------- ##
## Core tests. ##
## ----------- ##

configure:2499: checking for a BSD-compatible install
configure:2567: result: /usr/bin/install -c
configure:2580: checking whether build environment is sane
configure:2630: result: yes
configure:2679: checking for arm-fsl-linux-gnueabi-strip
configure:2695: found /home/ubuntu/opt/freescale/usr/local/gcc-4.6.2-glibc-2.13-linaro-multilib-2011.12/fsl-linaro-toolchain/bin/arm-fsl-linux-gnueabi-strip
configure:2706: result: arm-fsl-linux-gnueabi-strip
configure:2771: checking for a thread-safe mkdir -p
configure:2810: result: /bin/mkdir -p
configure:2823: checking for gawk
configure:2839: found /usr/bin/gawk
configure:2850: result: gawk
configure:2861: checking whether make sets $(MAKE)
configure:2883: result: yes
configure:2971: checking for arm-fsl-linux-gnueabi-gcc
configure:2987: found /home/ubuntu/opt/freescale/usr/local/gcc-4.6.2-glibc-2.13-linaro-multilib-2011.12/fsl-linaro-toolchain/bin/arm-fsl-linux-gnueabi-gcc
configure:2998: result: arm-fsl-linux-gnueabi-gcc
configure:3267: checking for C compiler version
configure:3276: arm-fsl-linux-gnueabi-gcc --version >&5
arm-fsl-linux-gnueabi-gcc (Freescale MAD -- Linaro 2011.07 -- Built at 2011/08/10 09:20) 4.6.2 20110630 (prerelease)
Copyright (C) 2011 Free Software Foundation, Inc.
This is free software; see the source for copying conditions.  There is NO
warranty; not even for MERCHANTABILITY or FITNESS FOR A PARTICULAR PURPOSE.

configure:3287: $? = 0
configure:3276: arm-fsl-linux-gnueabi-gcc -v >&5
Using built-in specs.
COLLECT_GCC=arm-fsl-linux-gnueabi-gcc
COLLECT_LTO_WRAPPER=/home/ubuntu/opt/freescale/usr/local/gcc-4.6.2-glibc-2.13-linaro-multilib-2011.12/fsl-linaro-toolchain/bin/../libexec/gcc/arm-fsl-linux-gnueabi/4.6.2/lto-wrapper
Target: arm-fsl-linux-gnueabi
Configured with: /work/build/.build/src/gcc-linaro-4.6-2011.06-0/configure --build=i686-build_pc-linux-gnu --host=i686-build_pc-linux-gnu --target=arm-fsl-linux-gnueabi --prefix=/work/fsl-linaro-toolchain-2.13 --with-sysroot=/work/fsl-linaro-toolchain-2.13/arm-fsl-linux-gnueabi/multi-libs --enable-languages=c,c++ --with-pkgversion='Freescale MAD -- Linaro 2011.07 -- Built at 2011/08/10 09:20' --enable-__cxa_atexit --disable-libmudflap --disable-libgomp --disable-libssp --with-gmp=/work/build/.build/arm-fsl-linux-gnueabi/build/static --with-mpfr=/work/build/.build/arm-fsl-linux-gnueabi/build/static --with-mpc=/work/build/.build/arm-fsl-linux-gnueabi/build/static --with-ppl=/work/build/.build/arm-fsl-linux-gnueabi/build/static --with-cloog=/work/build/.build/arm-fsl-linux-gnueabi/build/static --with-libelf=/work/build/.build/arm-fsl-linux-gnueabi/build/static --with-host-libstdcxx='-static-libgcc -Wl,-Bstatic,-lstdc++,-Bdynamic -lm -L/work/build/.build/arm-fsl-linux-gnueabi/build/static/lib -lpwl' --enable-threads=posix --enable-target-optspace --enable-plugin --enable-multilib --with-local-prefix=/work/fsl-linaro-toolchain-2.13/arm-fsl-linux-gnueabi/multi-libs --disable-nls --enable-c99 --enable-long-long --with-system-zlib
Thread model: posix
gcc version 4.6.2 20110630 (prerelease) (Freescale MAD -- Linaro 2011.07 -- Built at 2011/08/10 09:20) 
configure:3287: $? = 0
configure:3276: arm-fsl-linux-gnueabi-gcc -V >&5
arm-fsl-linux-gnueabi-gcc: error: unrecognized option '-V'
arm-fsl-linux-gnueabi-gcc: fatal error: no input files
compilation terminated.
configure:3287: $? = 1
configure:3276: arm-fsl-linux-gnueabi-gcc -qversion >&5
arm-fsl-linux-gnueabi-gcc: error: unrecognized option '-qversion'
arm-fsl-linux-gnueabi-gcc: fatal error: no input files
compilation terminated.
configure:3287: $? = 1
configure:3307: checking whether the C compiler works
configure:3329: arm-fsl-linux-gnueabi-gcc    conftest.c  >&5
configure:3333: $? = 0
configure:3381: result: yes
configure:3384: checking for C compiler default output file name
configure:3386: result: a.out
configure:3392: checking for suffix of executables
configure:3399: arm-fsl-linux-gnueabi-gcc -o conftest    conftest.c  >&5
configure:3403: $? = 0
configure:3425: result: 
configure:3447: checking whether we are cross compiling
configure:3455: arm-fsl-linux-gnueabi-gcc -o conftest    conftest.c  >&5
configure:3459: $? = 0
configure:3466: ./conftest
./configure: line 3468: ./conftest: cannot execute binary file
configure:3470: $? = 126
configure:3485: result: yes
configure:3490: checking for suffix of object files
configure:3512: arm-fsl-linux-gnueabi-gcc -c   conftest.c >&5
configure:3516: $? = 0
configure:3537: result: o
configure:3541: checking whether we are using the GNU C compiler
configure:3560: arm-fsl-linux-gnueabi-gcc -c   conftest.c >&5
configure:3560: $? = 0
configure:3569: result: yes
configure:3578: checking whether arm-fsl-linux-gnueabi-gcc accepts -g
configure:3598: arm-fsl-linux-gnueabi-gcc -c -g  conftest.c >&5
configure:3598: $? = 0
configure:3639: result: yes
configure:3656: checking for arm-fsl-linux-gnueabi-gcc option to accept ISO C89
configure:3719: arm-fsl-linux-gnueabi-gcc  -c -g -O2  conftest.c >&5
configure:3719: $? = 0
configure:3732: result: none needed
configure:3763: checking for style of include used by make
configure:3791: result: GNU
configure:3817: checking dependency style of arm-fsl-linux-gnueabi-gcc
configure:3928: result: gcc3
configure:3944: checking whether arm-fsl-linux-gnueabi-gcc and cc understand -c and -o together
configure:3975: arm-fsl-linux-gnueabi-gcc -c conftest.c -o conftest2.o >&5
configure:3979: $? = 0
configure:3985: arm-fsl-linux-gnueabi-gcc -c conftest.c -o conftest2.o >&5
configure:3989: $? = 0
configure:4000: cc -c conftest.c >&5
configure:4004: $? = 0
configure:4012: cc -c conftest.c -o conftest2.o >&5
configure:4016: $? = 0
configure:4022: cc -c conftest.c -o conftest2.o >&5
configure:4026: $? = 0
configure:4044: result: yes
configure:4106: checking for arm-fsl-linux-gnueabi-ar
configure:4122: found /home/ubuntu/opt/freescale/usr/local/gcc-4.6.2-glibc-2.13-linaro-multilib-2011.12/fsl-linaro-toolchain/bin/arm-fsl-linux-gnueabi-ar
configure:4133: result: arm-fsl-linux-gnueabi-ar
configure:4203: checking the archiver (arm-fsl-linux-gnueabi-ar) interface
configure:4213: arm-fsl-linux-gnueabi-gcc -c -g -O2  conftest.c >&5
configure:4213: $? = 0
configure:4215: arm-fsl-linux-gnueabi-ar cru libconftest.a conftest.o >&5
configure:4218: $? = 0
configure:4241: result: ar
configure:4290: checking build system type
configure:4304: result: x86_64-unknown-linux-gnu
configure:4324: checking host system type
configure:4337: result: arm-fsl-linux-gnueabi
configure:4378: checking how to print strings
configure:4405: result: printf
configure:4426: checking for a sed that does not truncate output
configure:4490: result: /bin/sed
configure:4508: checking for grep that handles long lines and -e
configure:4566: result: /bin/grep
configure:4571: checking for egrep
configure:4633: result: /bin/grep -E
configure:4638: checking for fgrep
configure:4700: result: /bin/grep -F
configure:4735: checking for ld used by arm-fsl-linux-gnueabi-gcc
configure:4802: result: /home/ubuntu/opt/freescale/usr/local/gcc-4.6.2-glibc-2.13-linaro-multilib-2011.12/fsl-linaro-toolchain/arm-fsl-linux-gnueabi/bin/ld
configure:4809: checking if the linker (/home/ubuntu/opt/freescale/usr/local/gcc-4.6.2-glibc-2.13-linaro-multilib-2011.12/fsl-linaro-toolchain/arm-fsl-linux-gnueabi/bin/ld) is GNU ld
configure:4824: result: yes
configure:4836: checking for BSD- or MS-compatible name lister (nm)
configure:4885: result: /home/ubuntu/opt/freescale/usr/local/gcc-4.6.2-glibc-2.13-linaro-multilib-2011.12/fsl-linaro-toolchain/bin/arm-fsl-linux-gnueabi-nm -B
configure:5015: checking the name lister (/home/ubuntu/opt/freescale/usr/local/gcc-4.6.2-glibc-2.13-linaro-multilib-2011.12/fsl-linaro-toolchain/bin/arm-fsl-linux-gnueabi-nm -B) interface
configure:5022: arm-fsl-linux-gnueabi-gcc -c -g -O2  conftest.c >&5
configure:5025: /home/ubuntu/opt/freescale/usr/local/gcc-4.6.2-glibc-2.13-linaro-multilib-2011.12/fsl-linaro-toolchain/bin/arm-fsl-linux-gnueabi-nm -B "conftest.o"
configure:5028: output
00000000 B some_variable
configure:5035: result: BSD nm
configure:5038: checking whether ln -s works
configure:5042: result: yes
configure:5050: checking the maximum length of command line arguments
configure:5181: result: 1572864
configure:5198: checking whether the shell understands some XSI constructs
configure:5208: result: yes
configure:5212: checking whether the shell understands "+="
configure:5218: result: yes
configure:5253: checking how to convert x86_64-unknown-linux-gnu file names to arm-fsl-linux-gnueabi format
configure:5293: result: func_convert_file_noop
configure:5300: checking how to convert x86_64-unknown-linux-gnu file names to toolchain format
configure:5320: result: func_convert_file_noop
configure:5327: checking for /home/ubuntu/opt/freescale/usr/local/gcc-4.6.2-glibc-2.13-linaro-multilib-2011.12/fsl-linaro-toolchain/arm-fsl-linux-gnueabi/bin/ld option to reload object files
configure:5334: result: -r
configure:5368: checking for arm-fsl-linux-gnueabi-objdump
configure:5384: found /home/ubuntu/opt/freescale/usr/local/gcc-4.6.2-glibc-2.13-linaro-multilib-2011.12/fsl-linaro-toolchain/bin/arm-fsl-linux-gnueabi-objdump
configure:5395: result: arm-fsl-linux-gnueabi-objdump
configure:5467: checking how to recognize dependent libraries
configure:5665: result: pass_all
configure:5710: checking for arm-fsl-linux-gnueabi-dlltool
configure:5740: result: no
configure:5750: checking for dlltool
configure:5780: result: no
configure:5810: checking how to associate runtime and link libraries
configure:5837: result: printf %s\n
configure:5853: checking for arm-fsl-linux-gnueabi-ar
configure:5880: result: arm-fsl-linux-gnueabi-ar
configure:5961: checking for archiver @FILE support
configure:5978: arm-fsl-linux-gnueabi-gcc -c -g -O2  conftest.c >&5
configure:5978: $? = 0
configure:5981: arm-fsl-linux-gnueabi-ar cru libconftest.a @conftest.lst >&5
configure:5984: $? = 0
configure:5989: arm-fsl-linux-gnueabi-ar cru libconftest.a @conftest.lst >&5
arm-fsl-linux-gnueabi-ar: conftest.o: No such file or directory
configure:5992: $? = 1
configure:6004: result: @
configure:6022: checking for arm-fsl-linux-gnueabi-strip
configure:6049: result: arm-fsl-linux-gnueabi-strip
configure:6121: checking for arm-fsl-linux-gnueabi-ranlib
configure:6137: found /home/ubuntu/opt/freescale/usr/local/gcc-4.6.2-glibc-2.13-linaro-multilib-2011.12/fsl-linaro-toolchain/bin/arm-fsl-linux-gnueabi-ranlib
configure:6148: result: arm-fsl-linux-gnueabi-ranlib
configure:6290: checking command to parse /home/ubuntu/opt/freescale/usr/local/gcc-4.6.2-glibc-2.13-linaro-multilib-2011.12/fsl-linaro-toolchain/bin/arm-fsl-linux-gnueabi-nm -B output from arm-fsl-linux-gnueabi-gcc object
configure:6410: arm-fsl-linux-gnueabi-gcc -c -g -O2  conftest.c >&5
configure:6413: $? = 0
configure:6417: /home/ubuntu/opt/freescale/usr/local/gcc-4.6.2-glibc-2.13-linaro-multilib-2011.12/fsl-linaro-toolchain/bin/arm-fsl-linux-gnueabi-nm -B conftest.o \| sed -n -e 's/^.*[ ]\([ABCDGIRSTW][ABCDGIRSTW]*\)[ ][ ]*\([_A-Za-z][_A-Za-z0-9]*\)$/\1 \2 \2/p' | sed '/ __gnu_lto/d' \> conftest.nm
configure:6420: $? = 0
configure:6486: arm-fsl-linux-gnueabi-gcc -o conftest -g -O2   conftest.c conftstm.o >&5
configure:6489: $? = 0
configure:6527: result: ok
configure:6564: checking for sysroot
configure:6594: result: no
configure:6817: checking for arm-fsl-linux-gnueabi-mt
configure:6847: result: no
configure:6857: checking for mt
configure:6873: found /bin/mt
configure:6884: result: mt
configure:6896: WARNING: using cross tools not prefixed with host triplet
configure:6907: checking if mt is a manifest tool
configure:6913: mt '-?'
configure:6921: result: no
configure:7563: checking how to run the C preprocessor
configure:7594: arm-fsl-linux-gnueabi-gcc -E  conftest.c
configure:7594: $? = 0
configure:7608: arm-fsl-linux-gnueabi-gcc -E  conftest.c
conftest.c:11:28: fatal error: ac_nonexistent.h: No such file or directory
compilation terminated.
configure:7608: $? = 1
configure: failed program was:
| /* confdefs.h */
| #define PACKAGE_NAME "iptables"
| #define PACKAGE_TARNAME "iptables"
| #define PACKAGE_VERSION "1.4.19"
| #define PACKAGE_STRING "iptables 1.4.19"
| #define PACKAGE_BUGREPORT ""
| #define PACKAGE_URL ""
| #define PACKAGE "iptables"
| #define VERSION "1.4.19"
| /* end confdefs.h.  */
| #include <ac_nonexistent.h>
configure:7633: result: arm-fsl-linux-gnueabi-gcc -E
configure:7653: arm-fsl-linux-gnueabi-gcc -E  conftest.c
configure:7653: $? = 0
configure:7667: arm-fsl-linux-gnueabi-gcc -E  conftest.c
conftest.c:11:28: fatal error: ac_nonexistent.h: No such file or directory
compilation terminated.
configure:7667: $? = 1
configure: failed program was:
| /* confdefs.h */
| #define PACKAGE_NAME "iptables"
| #define PACKAGE_TARNAME "iptables"
| #define PACKAGE_VERSION "1.4.19"
| #define PACKAGE_STRING "iptables 1.4.19"
| #define PACKAGE_BUGREPORT ""
| #define PACKAGE_URL ""
| #define PACKAGE "iptables"
| #define VERSION "1.4.19"
| /* end confdefs.h.  */
| #include <ac_nonexistent.h>
configure:7696: checking for ANSI C header files
configure:7716: arm-fsl-linux-gnueabi-gcc -c -g -O2  conftest.c >&5
configure:7716: $? = 0
configure:7800: result: yes
configure:7813: checking for sys/types.h
configure:7813: arm-fsl-linux-gnueabi-gcc -c -g -O2  conftest.c >&5
configure:7813: $? = 0
configure:7813: result: yes
configure:7813: checking for sys/stat.h
configure:7813: arm-fsl-linux-gnueabi-gcc -c -g -O2  conftest.c >&5
configure:7813: $? = 0
configure:7813: result: yes
configure:7813: checking for stdlib.h
configure:7813: arm-fsl-linux-gnueabi-gcc -c -g -O2  conftest.c >&5
configure:7813: $? = 0
configure:7813: result: yes
configure:7813: checking for string.h
configure:7813: arm-fsl-linux-gnueabi-gcc -c -g -O2  conftest.c >&5
configure:7813: $? = 0
configure:7813: result: yes
configure:7813: checking for memory.h
configure:7813: arm-fsl-linux-gnueabi-gcc -c -g -O2  conftest.c >&5
configure:7813: $? = 0
configure:7813: result: yes
configure:7813: checking for strings.h
configure:7813: arm-fsl-linux-gnueabi-gcc -c -g -O2  conftest.c >&5
configure:7813: $? = 0
configure:7813: result: yes
configure:7813: checking for inttypes.h
configure:7813: arm-fsl-linux-gnueabi-gcc -c -g -O2  conftest.c >&5
configure:7813: $? = 0
configure:7813: result: yes
configure:7813: checking for stdint.h
configure:7813: arm-fsl-linux-gnueabi-gcc -c -g -O2  conftest.c >&5
configure:7813: $? = 0
configure:7813: result: yes
configure:7813: checking for unistd.h
configure:7813: arm-fsl-linux-gnueabi-gcc -c -g -O2  conftest.c >&5
configure:7813: $? = 0
configure:7813: result: yes
configure:7827: checking for dlfcn.h
configure:7827: arm-fsl-linux-gnueabi-gcc -c -g -O2  conftest.c >&5
configure:7827: $? = 0
configure:7827: result: yes
configure:8003: checking for objdir
configure:8018: result: .libs
configure:8289: checking if arm-fsl-linux-gnueabi-gcc supports -fno-rtti -fno-exceptions
configure:8307: arm-fsl-linux-gnueabi-gcc -c -g -O2  -fno-rtti -fno-exceptions conftest.c >&5
cc1: warning: command line option '-fno-rtti' is valid for C++/ObjC++ but not for C [enabled by default]
configure:8311: $? = 0
configure:8324: result: no
configure:8651: checking for arm-fsl-linux-gnueabi-gcc option to produce PIC
configure:8658: result: -fPIC -DPIC
configure:8666: checking if arm-fsl-linux-gnueabi-gcc PIC flag -fPIC -DPIC works
configure:8684: arm-fsl-linux-gnueabi-gcc -c -g -O2  -fPIC -DPIC -DPIC conftest.c >&5
configure:8688: $? = 0
configure:8701: result: yes
configure:8730: checking if arm-fsl-linux-gnueabi-gcc static flag -static works
configure:8758: result: yes
configure:8773: checking if arm-fsl-linux-gnueabi-gcc supports -c -o file.o
configure:8794: arm-fsl-linux-gnueabi-gcc -c -g -O2  -o out/conftest2.o conftest.c >&5
configure:8798: $? = 0
configure:8820: result: yes
configure:8828: checking if arm-fsl-linux-gnueabi-gcc supports -c -o file.o
configure:8875: result: yes
configure:8908: checking whether the arm-fsl-linux-gnueabi-gcc linker (/home/ubuntu/opt/freescale/usr/local/gcc-4.6.2-glibc-2.13-linaro-multilib-2011.12/fsl-linaro-toolchain/arm-fsl-linux-gnueabi/bin/ld) supports shared libraries
configure:10065: result: yes
configure:10102: checking whether -lc should be explicitly linked in
configure:10110: arm-fsl-linux-gnueabi-gcc -c -g -O2  conftest.c >&5
configure:10113: $? = 0
configure:10128: arm-fsl-linux-gnueabi-gcc -shared  -fPIC -DPIC conftest.o  -v -Wl,-soname -Wl,conftest -o conftest 2\>\&1 \| /bin/grep  -lc  \>/dev/null 2\>\&1
configure:10131: $? = 0
configure:10145: result: no
configure:10305: checking dynamic linker characteristics
configure:10805: arm-fsl-linux-gnueabi-gcc -o conftest -g -O2   -Wl,-rpath -Wl,/foo conftest.c  >&5
configure:10805: $? = 0
configure:11039: result: GNU/Linux ld.so
configure:11146: checking how to hardcode library paths into programs
configure:11171: result: immediate
configure:11711: checking whether stripping libraries is possible
configure:11716: result: yes
configure:11751: checking if libtool supports shared libraries
configure:11753: result: yes
configure:11756: checking whether to build shared libraries
configure:11777: result: yes
configure:11780: checking whether to build static libraries
configure:11784: result: no
configure:11897: checking whether the linker accepts -Wl,--no-as-needed
configure:11916: arm-fsl-linux-gnueabi-gcc -o conftest -g -O2  -Wl,--no-as-needed conftest.c  >&5
configure:11916: $? = 0
configure:11927: result: yes
configure:11937: checking whether /home/ubuntu/opt/freescale/usr/local/gcc-4.6.2-glibc-2.13-linaro-multilib-2011.12/fsl-linaro-toolchain/arm-fsl-linux-gnueabi/bin/ld knows -Wl,--no-undefined
configure:11945: arm-fsl-linux-gnueabi-gcc -o conftest -g -O2  -Wl,--no-undefined conftest.c  >&5
configure:11945: $? = 0
configure:11946: result: yes
configure:11962: checking linux/dccp.h usability
configure:11962: arm-fsl-linux-gnueabi-gcc -c -g -O2  conftest.c >&5
configure:11962: $? = 0
configure:11962: result: yes
configure:11962: checking linux/dccp.h presence
configure:11962: arm-fsl-linux-gnueabi-gcc -E  conftest.c
configure:11962: $? = 0
configure:11962: result: yes
configure:11962: checking for linux/dccp.h
configure:11962: result: yes
configure:11962: checking linux/ip_vs.h usability
configure:11962: arm-fsl-linux-gnueabi-gcc -c -g -O2  conftest.c >&5
configure:11962: $? = 0
configure:11962: result: yes
configure:11962: checking linux/ip_vs.h presence
configure:11962: arm-fsl-linux-gnueabi-gcc -E  conftest.c
configure:11962: $? = 0
configure:11962: result: yes
configure:11962: checking for linux/ip_vs.h
configure:11962: result: yes
configure:11962: checking linux/magic.h usability
configure:11962: arm-fsl-linux-gnueabi-gcc -c -g -O2  conftest.c >&5
configure:11962: $? = 0
configure:11962: result: yes
configure:11962: checking linux/magic.h presence
configure:11962: arm-fsl-linux-gnueabi-gcc -E  conftest.c
configure:11962: $? = 0
configure:11962: result: yes
configure:11962: checking for linux/magic.h
configure:11962: result: yes
configure:11962: checking linux/proc_fs.h usability
configure:11962: arm-fsl-linux-gnueabi-gcc -c -g -O2  conftest.c >&5
conftest.c:59:27: fatal error: linux/proc_fs.h: No such file or directory
compilation terminated.
configure:11962: $? = 1
configure: failed program was:
| /* confdefs.h */
| #define PACKAGE_NAME "iptables"
| #define PACKAGE_TARNAME "iptables"
| #define PACKAGE_VERSION "1.4.19"
| #define PACKAGE_STRING "iptables 1.4.19"
| #define PACKAGE_BUGREPORT ""
| #define PACKAGE_URL ""
| #define PACKAGE "iptables"
| #define VERSION "1.4.19"
| #define STDC_HEADERS 1
| #define HAVE_SYS_TYPES_H 1
| #define HAVE_SYS_STAT_H 1
| #define HAVE_STDLIB_H 1
| #define HAVE_STRING_H 1
| #define HAVE_MEMORY_H 1
| #define HAVE_STRINGS_H 1
| #define HAVE_INTTYPES_H 1
| #define HAVE_STDINT_H 1
| #define HAVE_UNISTD_H 1
| #define HAVE_DLFCN_H 1
| #define LT_OBJDIR ".libs/"
| #define HAVE_LINUX_DCCP_H 1
| #define HAVE_LINUX_IP_VS_H 1
| #define HAVE_LINUX_MAGIC_H 1
| /* end confdefs.h.  */
| #include <stdio.h>
| #ifdef HAVE_SYS_TYPES_H
| # include <sys/types.h>
| #endif
| #ifdef HAVE_SYS_STAT_H
| # include <sys/stat.h>
| #endif
| #ifdef STDC_HEADERS
| # include <stdlib.h>
| # include <stddef.h>
| #else
| # ifdef HAVE_STDLIB_H
| #  include <stdlib.h>
| # endif
| #endif
| #ifdef HAVE_STRING_H
| # if !defined STDC_HEADERS && defined HAVE_MEMORY_H
| #  include <memory.h>
| # endif
| # include <string.h>
| #endif
| #ifdef HAVE_STRINGS_H
| # include <strings.h>
| #endif
| #ifdef HAVE_INTTYPES_H
| # include <inttypes.h>
| #endif
| #ifdef HAVE_STDINT_H
| # include <stdint.h>
| #endif
| #ifdef HAVE_UNISTD_H
| # include <unistd.h>
| #endif
| #include <linux/proc_fs.h>
configure:11962: result: no
configure:11962: checking linux/proc_fs.h presence
configure:11962: arm-fsl-linux-gnueabi-gcc -E  conftest.c
conftest.c:26:27: fatal error: linux/proc_fs.h: No such file or directory
compilation terminated.
configure:11962: $? = 1
configure: failed program was:
| /* confdefs.h */
| #define PACKAGE_NAME "iptables"
| #define PACKAGE_TARNAME "iptables"
| #define PACKAGE_VERSION "1.4.19"
| #define PACKAGE_STRING "iptables 1.4.19"
| #define PACKAGE_BUGREPORT ""
| #define PACKAGE_URL ""
| #define PACKAGE "iptables"
| #define VERSION "1.4.19"
| #define STDC_HEADERS 1
| #define HAVE_SYS_TYPES_H 1
| #define HAVE_SYS_STAT_H 1
| #define HAVE_STDLIB_H 1
| #define HAVE_STRING_H 1
| #define HAVE_MEMORY_H 1
| #define HAVE_STRINGS_H 1
| #define HAVE_INTTYPES_H 1
| #define HAVE_STDINT_H 1
| #define HAVE_UNISTD_H 1
| #define HAVE_DLFCN_H 1
| #define LT_OBJDIR ".libs/"
| #define HAVE_LINUX_DCCP_H 1
| #define HAVE_LINUX_IP_VS_H 1
| #define HAVE_LINUX_MAGIC_H 1
| /* end confdefs.h.  */
| #include <linux/proc_fs.h>
configure:11962: result: no
configure:11962: checking for linux/proc_fs.h
configure:11962: result: no
configure:11984: checking size of struct ip6_hdr
configure:11989: arm-fsl-linux-gnueabi-gcc -c -g -O2  conftest.c >&5
configure:11989: $? = 0
configure:11989: arm-fsl-linux-gnueabi-gcc -c -g -O2  conftest.c >&5
conftest.c: In function 'main':
conftest.c:31:12: error: size of array 'test_array' is negative
configure:11989: $? = 1
configure: failed program was:
| /* confdefs.h */
| #define PACKAGE_NAME "iptables"
| #define PACKAGE_TARNAME "iptables"
| #define PACKAGE_VERSION "1.4.19"
| #define PACKAGE_STRING "iptables 1.4.19"
| #define PACKAGE_BUGREPORT ""
| #define PACKAGE_URL ""
| #define PACKAGE "iptables"
| #define VERSION "1.4.19"
| #define STDC_HEADERS 1
| #define HAVE_SYS_TYPES_H 1
| #define HAVE_SYS_STAT_H 1
| #define HAVE_STDLIB_H 1
| #define HAVE_STRING_H 1
| #define HAVE_MEMORY_H 1
| #define HAVE_STRINGS_H 1
| #define HAVE_INTTYPES_H 1
| #define HAVE_STDINT_H 1
| #define HAVE_UNISTD_H 1
| #define HAVE_DLFCN_H 1
| #define LT_OBJDIR ".libs/"
| #define HAVE_LINUX_DCCP_H 1
| #define HAVE_LINUX_IP_VS_H 1
| #define HAVE_LINUX_MAGIC_H 1
| /* end confdefs.h.  */
| #include <netinet/ip6.h>
| 
| int
| main ()
| {
| static int test_array [1 - 2 * !(((long int) (sizeof (struct ip6_hdr))) <= 0)];
| test_array [0] = 0;
| return test_array [0];
| 
|   ;
|   return 0;
| }
configure:11989: arm-fsl-linux-gnueabi-gcc -c -g -O2  conftest.c >&5
conftest.c: In function 'main':
conftest.c:31:12: error: size of array 'test_array' is negative
configure:11989: $? = 1
configure: failed program was:
| /* confdefs.h */
| #define PACKAGE_NAME "iptables"
| #define PACKAGE_TARNAME "iptables"
| #define PACKAGE_VERSION "1.4.19"
| #define PACKAGE_STRING "iptables 1.4.19"
| #define PACKAGE_BUGREPORT ""
| #define PACKAGE_URL ""
| #define PACKAGE "iptables"
| #define VERSION "1.4.19"
| #define STDC_HEADERS 1
| #define HAVE_SYS_TYPES_H 1
| #define HAVE_SYS_STAT_H 1
| #define HAVE_STDLIB_H 1
| #define HAVE_STRING_H 1
| #define HAVE_MEMORY_H 1
| #define HAVE_STRINGS_H 1
| #define HAVE_INTTYPES_H 1
| #define HAVE_STDINT_H 1
| #define HAVE_UNISTD_H 1
| #define HAVE_DLFCN_H 1
| #define LT_OBJDIR ".libs/"
| #define HAVE_LINUX_DCCP_H 1
| #define HAVE_LINUX_IP_VS_H 1
| #define HAVE_LINUX_MAGIC_H 1
| /* end confdefs.h.  */
| #include <netinet/ip6.h>
| 
| int
| main ()
| {
| static int test_array [1 - 2 * !(((long int) (sizeof (struct ip6_hdr))) <= 1)];
| test_array [0] = 0;
| return test_array [0];
| 
|   ;
|   return 0;
| }
configure:11989: arm-fsl-linux-gnueabi-gcc -c -g -O2  conftest.c >&5
conftest.c: In function 'main':
conftest.c:31:12: error: size of array 'test_array' is negative
configure:11989: $? = 1
configure: failed program was:
| /* confdefs.h */
| #define PACKAGE_NAME "iptables"
| #define PACKAGE_TARNAME "iptables"
| #define PACKAGE_VERSION "1.4.19"
| #define PACKAGE_STRING "iptables 1.4.19"
| #define PACKAGE_BUGREPORT ""
| #define PACKAGE_URL ""
| #define PACKAGE "iptables"
| #define VERSION "1.4.19"
| #define STDC_HEADERS 1
| #define HAVE_SYS_TYPES_H 1
| #define HAVE_SYS_STAT_H 1
| #define HAVE_STDLIB_H 1
| #define HAVE_STRING_H 1
| #define HAVE_MEMORY_H 1
| #define HAVE_STRINGS_H 1
| #define HAVE_INTTYPES_H 1
| #define HAVE_STDINT_H 1
| #define HAVE_UNISTD_H 1
| #define HAVE_DLFCN_H 1
| #define LT_OBJDIR ".libs/"
| #define HAVE_LINUX_DCCP_H 1
| #define HAVE_LINUX_IP_VS_H 1
| #define HAVE_LINUX_MAGIC_H 1
| /* end confdefs.h.  */
| #include <netinet/ip6.h>
| 
| int
| main ()
| {
| static int test_array [1 - 2 * !(((long int) (sizeof (struct ip6_hdr))) <= 3)];
| test_array [0] = 0;
| return test_array [0];
| 
|   ;
|   return 0;
| }
configure:11989: arm-fsl-linux-gnueabi-gcc -c -g -O2  conftest.c >&5
conftest.c: In function 'main':
conftest.c:31:12: error: size of array 'test_array' is negative
configure:11989: $? = 1
configure: failed program was:
| /* confdefs.h */
| #define PACKAGE_NAME "iptables"
| #define PACKAGE_TARNAME "iptables"
| #define PACKAGE_VERSION "1.4.19"
| #define PACKAGE_STRING "iptables 1.4.19"
| #define PACKAGE_BUGREPORT ""
| #define PACKAGE_URL ""
| #define PACKAGE "iptables"
| #define VERSION "1.4.19"
| #define STDC_HEADERS 1
| #define HAVE_SYS_TYPES_H 1
| #define HAVE_SYS_STAT_H 1
| #define HAVE_STDLIB_H 1
| #define HAVE_STRING_H 1
| #define HAVE_MEMORY_H 1
| #define HAVE_STRINGS_H 1
| #define HAVE_INTTYPES_H 1
| #define HAVE_STDINT_H 1
| #define HAVE_UNISTD_H 1
| #define HAVE_DLFCN_H 1
| #define LT_OBJDIR ".libs/"
| #define HAVE_LINUX_DCCP_H 1
| #define HAVE_LINUX_IP_VS_H 1
| #define HAVE_LINUX_MAGIC_H 1
| /* end confdefs.h.  */
| #include <netinet/ip6.h>
| 
| int
| main ()
| {
| static int test_array [1 - 2 * !(((long int) (sizeof (struct ip6_hdr))) <= 7)];
| test_array [0] = 0;
| return test_array [0];
| 
|   ;
|   return 0;
| }
configure:11989: arm-fsl-linux-gnueabi-gcc -c -g -O2  conftest.c >&5
conftest.c: In function 'main':
conftest.c:31:12: error: size of array 'test_array' is negative
configure:11989: $? = 1
configure: failed program was:
| /* confdefs.h */
| #define PACKAGE_NAME "iptables"
| #define PACKAGE_TARNAME "iptables"
| #define PACKAGE_VERSION "1.4.19"
| #define PACKAGE_STRING "iptables 1.4.19"
| #define PACKAGE_BUGREPORT ""
| #define PACKAGE_URL ""
| #define PACKAGE "iptables"
| #define VERSION "1.4.19"
| #define STDC_HEADERS 1
| #define HAVE_SYS_TYPES_H 1
| #define HAVE_SYS_STAT_H 1
| #define HAVE_STDLIB_H 1
| #define HAVE_STRING_H 1
| #define HAVE_MEMORY_H 1
| #define HAVE_STRINGS_H 1
| #define HAVE_INTTYPES_H 1
| #define HAVE_STDINT_H 1
| #define HAVE_UNISTD_H 1
| #define HAVE_DLFCN_H 1
| #define LT_OBJDIR ".libs/"
| #define HAVE_LINUX_DCCP_H 1
| #define HAVE_LINUX_IP_VS_H 1
| #define HAVE_LINUX_MAGIC_H 1
| /* end confdefs.h.  */
| #include <netinet/ip6.h>
| 
| int
| main ()
| {
| static int test_array [1 - 2 * !(((long int) (sizeof (struct ip6_hdr))) <= 15)];
| test_array [0] = 0;
| return test_array [0];
| 
|   ;
|   return 0;
| }
configure:11989: arm-fsl-linux-gnueabi-gcc -c -g -O2  conftest.c >&5
conftest.c: In function 'main':
conftest.c:31:12: error: size of array 'test_array' is negative
configure:11989: $? = 1
configure: failed program was:
| /* confdefs.h */
| #define PACKAGE_NAME "iptables"
| #define PACKAGE_TARNAME "iptables"
| #define PACKAGE_VERSION "1.4.19"
| #define PACKAGE_STRING "iptables 1.4.19"
| #define PACKAGE_BUGREPORT ""
| #define PACKAGE_URL ""
| #define PACKAGE "iptables"
| #define VERSION "1.4.19"
| #define STDC_HEADERS 1
| #define HAVE_SYS_TYPES_H 1
| #define HAVE_SYS_STAT_H 1
| #define HAVE_STDLIB_H 1
| #define HAVE_STRING_H 1
| #define HAVE_MEMORY_H 1
| #define HAVE_STRINGS_H 1
| #define HAVE_INTTYPES_H 1
| #define HAVE_STDINT_H 1
| #define HAVE_UNISTD_H 1
| #define HAVE_DLFCN_H 1
| #define LT_OBJDIR ".libs/"
| #define HAVE_LINUX_DCCP_H 1
| #define HAVE_LINUX_IP_VS_H 1
| #define HAVE_LINUX_MAGIC_H 1
| /* end confdefs.h.  */
| #include <netinet/ip6.h>
| 
| int
| main ()
| {
| static int test_array [1 - 2 * !(((long int) (sizeof (struct ip6_hdr))) <= 31)];
| test_array [0] = 0;
| return test_array [0];
| 
|   ;
|   return 0;
| }
configure:11989: arm-fsl-linux-gnueabi-gcc -c -g -O2  conftest.c >&5
configure:11989: $? = 0
configure:11989: arm-fsl-linux-gnueabi-gcc -c -g -O2  conftest.c >&5
configure:11989: $? = 0
configure:11989: arm-fsl-linux-gnueabi-gcc -c -g -O2  conftest.c >&5
conftest.c: In function 'main':
conftest.c:31:12: error: size of array 'test_array' is negative
configure:11989: $? = 1
configure: failed program was:
| /* confdefs.h */
| #define PACKAGE_NAME "iptables"
| #define PACKAGE_TARNAME "iptables"
| #define PACKAGE_VERSION "1.4.19"
| #define PACKAGE_STRING "iptables 1.4.19"
| #define PACKAGE_BUGREPORT ""
| #define PACKAGE_URL ""
| #define PACKAGE "iptables"
| #define VERSION "1.4.19"
| #define STDC_HEADERS 1
| #define HAVE_SYS_TYPES_H 1
| #define HAVE_SYS_STAT_H 1
| #define HAVE_STDLIB_H 1
| #define HAVE_STRING_H 1
| #define HAVE_MEMORY_H 1
| #define HAVE_STRINGS_H 1
| #define HAVE_INTTYPES_H 1
| #define HAVE_STDINT_H 1
| #define HAVE_UNISTD_H 1
| #define HAVE_DLFCN_H 1
| #define LT_OBJDIR ".libs/"
| #define HAVE_LINUX_DCCP_H 1
| #define HAVE_LINUX_IP_VS_H 1
| #define HAVE_LINUX_MAGIC_H 1
| /* end confdefs.h.  */
| #include <netinet/ip6.h>
| 
| int
| main ()
| {
| static int test_array [1 - 2 * !(((long int) (sizeof (struct ip6_hdr))) <= 39)];
| test_array [0] = 0;
| return test_array [0];
| 
|   ;
|   return 0;
| }
configure:11989: arm-fsl-linux-gnueabi-gcc -c -g -O2  conftest.c >&5
configure:11989: $? = 0
configure:11989: arm-fsl-linux-gnueabi-gcc -c -g -O2  conftest.c >&5
configure:11989: $? = 0
configure:11989: arm-fsl-linux-gnueabi-gcc -c -g -O2  conftest.c >&5
configure:11989: $? = 0
configure:12004: result: 40
configure:12091: checking for arm-fsl-linux-gnueabi-pkg-config
configure:12124: result: no
configure:12134: checking for pkg-config
configure:12152: found /usr/bin/pkg-config
configure:12164: result: /usr/bin/pkg-config
configure:12189: checking pkg-config is at least version 0.9.0
configure:12192: result: yes
configure:12202: checking for libnfnetlink
configure:12209: $PKG_CONFIG --exists --print-errors "libnfnetlink >= 1.0"
Package libnfnetlink was not found in the pkg-config search path.
Perhaps you should add the directory containing `libnfnetlink.pc'
to the PKG_CONFIG_PATH environment variable
No package 'libnfnetlink' found
configure:12212: $? = 1
configure:12226: $PKG_CONFIG --exists --print-errors "libnfnetlink >= 1.0"
Package libnfnetlink was not found in the pkg-config search path.
Perhaps you should add the directory containing `libnfnetlink.pc'
to the PKG_CONFIG_PATH environment variable
No package 'libnfnetlink' found
configure:12229: $? = 1
configure:12243: result: no
No package 'libnfnetlink' found
configure:12476: creating ./config.status

## ---------------------- ##
## Running config.status. ##
## ---------------------- ##

This file was extended by iptables config.status 1.4.19, which was
generated by GNU Autoconf 2.69.  Invocation command line was

  CONFIG_FILES    = 
  CONFIG_HEADERS  = 
  CONFIG_LINKS    = 
  CONFIG_COMMANDS = 
  $ ./config.status 

on ubuntu

config.status:1131: creating Makefile
config.status:1131: creating extensions/GNUmakefile
config.status:1131: creating include/Makefile
config.status:1131: creating iptables/Makefile
config.status:1131: creating iptables/xtables.pc
config.status:1131: creating libipq/Makefile
config.status:1131: creating libipq/libipq.pc
config.status:1131: creating libiptc/Makefile
config.status:1131: creating libiptc/libiptc.pc
config.status:1131: creating libiptc/libip4tc.pc
config.status:1131: creating libiptc/libip6tc.pc
config.status:1131: creating libxtables/Makefile
config.status:1131: creating utils/Makefile
config.status:1131: creating include/xtables-version.h
config.status:1131: creating include/iptables/internal.h
config.status:1131: creating config.h
config.status:1360: executing depfiles commands
config.status:1360: executing libtool commands

## ---------------- ##
## Cache variables. ##
## ---------------- ##

ac_cv_build=x86_64-unknown-linux-gnu
ac_cv_c_compiler_gnu=yes
ac_cv_env_CC_set=
ac_cv_env_CC_value=
ac_cv_env_CFLAGS_set=
ac_cv_env_CFLAGS_value=
ac_cv_env_CPPFLAGS_set=
ac_cv_env_CPPFLAGS_value=
ac_cv_env_CPP_set=
ac_cv_env_CPP_value=
ac_cv_env_LDFLAGS_set=
ac_cv_env_LDFLAGS_value=
ac_cv_env_LIBS_set=
ac_cv_env_LIBS_value=
ac_cv_env_PKG_CONFIG_LIBDIR_set=
ac_cv_env_PKG_CONFIG_LIBDIR_value=
ac_cv_env_PKG_CONFIG_PATH_set=
ac_cv_env_PKG_CONFIG_PATH_value=
ac_cv_env_PKG_CONFIG_set=
ac_cv_env_PKG_CONFIG_value=
ac_cv_env_build_alias_set=
ac_cv_env_build_alias_value=
ac_cv_env_host_alias_set=set
ac_cv_env_host_alias_value=arm-fsl-linux-gnueabi
ac_cv_env_libnfnetlink_CFLAGS_set=
ac_cv_env_libnfnetlink_CFLAGS_value=
ac_cv_env_libnfnetlink_LIBS_set=
ac_cv_env_libnfnetlink_LIBS_value=
ac_cv_env_target_alias_set=
ac_cv_env_target_alias_value=
ac_cv_header_dlfcn_h=yes
ac_cv_header_inttypes_h=yes
ac_cv_header_linux_dccp_h=yes
ac_cv_header_linux_ip_vs_h=yes
ac_cv_header_linux_magic_h=yes
ac_cv_header_linux_proc_fs_h=no
ac_cv_header_memory_h=yes
ac_cv_header_stdc=yes
ac_cv_header_stdint_h=yes
ac_cv_header_stdlib_h=yes
ac_cv_header_string_h=yes
ac_cv_header_strings_h=yes
ac_cv_header_sys_stat_h=yes
ac_cv_header_sys_types_h=yes
ac_cv_header_unistd_h=yes
ac_cv_host=arm-fsl-linux-gnueabi
ac_cv_objext=o
ac_cv_path_EGREP='/bin/grep -E'
ac_cv_path_FGREP='/bin/grep -F'
ac_cv_path_GREP=/bin/grep
ac_cv_path_SED=/bin/sed
ac_cv_path_ac_pt_PKG_CONFIG=/usr/bin/pkg-config
ac_cv_path_install='/usr/bin/install -c'
ac_cv_path_mkdir=/bin/mkdir
ac_cv_prog_AR=arm-fsl-linux-gnueabi-ar
ac_cv_prog_AWK=gawk
ac_cv_prog_CC=arm-fsl-linux-gnueabi-gcc
ac_cv_prog_CPP='arm-fsl-linux-gnueabi-gcc -E'
ac_cv_prog_OBJDUMP=arm-fsl-linux-gnueabi-objdump
ac_cv_prog_RANLIB=arm-fsl-linux-gnueabi-ranlib
ac_cv_prog_STRIP=arm-fsl-linux-gnueabi-strip
ac_cv_prog_ac_ct_MANIFEST_TOOL=mt
ac_cv_prog_cc_arm_fsl_linux_gnueabi_gcc_c_o=yes
ac_cv_prog_cc_c89=
ac_cv_prog_cc_g=yes
ac_cv_prog_make_make_set=yes
ac_cv_sizeof_struct_ip6_hdr=40
am_cv_CC_dependencies_compiler_type=gcc3
am_cv_ar_interface=ar
ax_cv_linker_flags__Wl___no_as_needed=yes
lt_cv_ar_at_file=@
lt_cv_archive_cmds_need_lc=no
lt_cv_deplibs_check_method=pass_all
lt_cv_file_magic_cmd='$MAGIC_CMD'
lt_cv_file_magic_test_file=
lt_cv_ld_reload_flag=-r
lt_cv_nm_interface='BSD nm'
lt_cv_objdir=.libs
lt_cv_path_LD=/home/ubuntu/opt/freescale/usr/local/gcc-4.6.2-glibc-2.13-linaro-multilib-2011.12/fsl-linaro-toolchain/arm-fsl-linux-gnueabi/bin/ld
lt_cv_path_NM='/home/ubuntu/opt/freescale/usr/local/gcc-4.6.2-glibc-2.13-linaro-multilib-2011.12/fsl-linaro-toolchain/bin/arm-fsl-linux-gnueabi-nm -B'
lt_cv_path_mainfest_tool=no
lt_cv_prog_compiler_c_o=yes
lt_cv_prog_compiler_pic='-fPIC -DPIC'
lt_cv_prog_compiler_pic_works=yes
lt_cv_prog_compiler_rtti_exceptions=no
lt_cv_prog_compiler_static_works=yes
lt_cv_prog_gnu_ld=yes
lt_cv_sharedlib_from_linklib_cmd='printf %s\n'
lt_cv_shlibpath_overrides_runpath=no
lt_cv_sys_global_symbol_pipe='sed -n -e '\''s/^.*[	 ]\([ABCDGIRSTW][ABCDGIRSTW]*\)[	 ][	 ]*\([_A-Za-z][_A-Za-z0-9]*\)$/\1 \2 \2/p'\'' | sed '\''/ __gnu_lto/d'\'''
lt_cv_sys_global_symbol_to_c_name_address='sed -n -e '\''s/^: \([^ ]*\)[ ]*$/  {\"\1\", (void *) 0},/p'\'' -e '\''s/^[ABCDGIRSTW]* \([^ ]*\) \([^ ]*\)$/  {"\2", (void *) \&\2},/p'\'''
lt_cv_sys_global_symbol_to_c_name_address_lib_prefix='sed -n -e '\''s/^: \([^ ]*\)[ ]*$/  {\"\1\", (void *) 0},/p'\'' -e '\''s/^[ABCDGIRSTW]* \([^ ]*\) \(lib[^ ]*\)$/  {"\2", (void *) \&\2},/p'\'' -e '\''s/^[ABCDGIRSTW]* \([^ ]*\) \([^ ]*\)$/  {"lib\2", (void *) \&\2},/p'\'''
lt_cv_sys_global_symbol_to_cdecl='sed -n -e '\''s/^T .* \(.*\)$/extern int \1();/p'\'' -e '\''s/^[ABCDGIRSTW]* .* \(.*\)$/extern char \1;/p'\'''
lt_cv_sys_max_cmd_len=1572864
lt_cv_to_host_file_cmd=func_convert_file_noop
lt_cv_to_tool_file_cmd=func_convert_file_noop

## ----------------- ##
## Output variables. ##
## ----------------- ##

ACLOCAL='${SHELL} /root/iptables-1.4.19/build-aux/missing --run aclocal-1.11'
AMDEPBACKSLASH='\'
AMDEP_FALSE='#'
AMDEP_TRUE=''
AMTAR='$${TAR-tar}'
AR='arm-fsl-linux-gnueabi-ar'
AUTOCONF='${SHELL} /root/iptables-1.4.19/build-aux/missing --run autoconf'
AUTOHEADER='${SHELL} /root/iptables-1.4.19/build-aux/missing --run autoheader'
AUTOMAKE='${SHELL} /root/iptables-1.4.19/build-aux/missing --run automake-1.11'
AWK='gawk'
CC='arm-fsl-linux-gnueabi-gcc'
CCDEPMODE='depmode=gcc3'
CFLAGS='-g -O2'
CPP='arm-fsl-linux-gnueabi-gcc -E'
CPPFLAGS=''
CYGPATH_W='echo'
DEFS='-DHAVE_CONFIG_H'
DEPDIR='.deps'
DLLTOOL='false'
DSYMUTIL=''
DUMPBIN=''
ECHO_C=''
ECHO_N='-n'
ECHO_T=''
EGREP='/bin/grep -E'
ENABLE_BPFC_FALSE=''
ENABLE_BPFC_TRUE='#'
ENABLE_DEVEL_FALSE='#'
ENABLE_DEVEL_TRUE=''
ENABLE_IPV4_FALSE='#'
ENABLE_IPV4_TRUE=''
ENABLE_IPV6_FALSE='#'
ENABLE_IPV6_TRUE=''
ENABLE_LARGEFILE_FALSE='#'
ENABLE_LARGEFILE_TRUE=''
ENABLE_LIBIPQ_FALSE=''
ENABLE_LIBIPQ_TRUE='#'
ENABLE_SHARED_FALSE='#'
ENABLE_SHARED_TRUE=''
ENABLE_STATIC_FALSE=''
ENABLE_STATIC_TRUE='#'
EXEEXT=''
FGREP='/bin/grep -F'
GREP='/bin/grep'
HAVE_LIBNFNETLINK_FALSE=''
HAVE_LIBNFNETLINK_TRUE='#'
INSTALL_DATA='${INSTALL} -m 644'
INSTALL_PROGRAM='${INSTALL}'
INSTALL_SCRIPT='${INSTALL}'
INSTALL_STRIP_PROGRAM='$(install_sh) -c -s'
LD='/home/ubuntu/opt/freescale/usr/local/gcc-4.6.2-glibc-2.13-linaro-multilib-2011.12/fsl-linaro-toolchain/arm-fsl-linux-gnueabi/bin/ld'
LDFLAGS=''
LIBOBJS=''
LIBS=''
LIBTOOL='$(SHELL) $(top_builddir)/libtool'
LIPO=''
LN_S='ln -s'
LTLIBOBJS=''
MAKEINFO='${SHELL} /root/iptables-1.4.19/build-aux/missing --run makeinfo'
MANIFEST_TOOL=':'
MKDIR_P='/bin/mkdir -p'
NM='/home/ubuntu/opt/freescale/usr/local/gcc-4.6.2-glibc-2.13-linaro-multilib-2011.12/fsl-linaro-toolchain/bin/arm-fsl-linux-gnueabi-nm -B'
NMEDIT=''
OBJDUMP='arm-fsl-linux-gnueabi-objdump'
OBJEXT='o'
OTOOL64=''
OTOOL=''
PACKAGE='iptables'
PACKAGE_BUGREPORT=''
PACKAGE_NAME='iptables'
PACKAGE_STRING='iptables 1.4.19'
PACKAGE_TARNAME='iptables'
PACKAGE_URL=''
PACKAGE_VERSION='1.4.19'
PATH_SEPARATOR=':'
PKG_CONFIG='/usr/bin/pkg-config'
PKG_CONFIG_LIBDIR=''
PKG_CONFIG_PATH=''
RANLIB='arm-fsl-linux-gnueabi-ranlib'
SED='/bin/sed'
SET_MAKE=''
SHELL='/bin/sh'
STRIP='arm-fsl-linux-gnueabi-strip'
VERSION='1.4.19'
ac_ct_AR=''
ac_ct_CC=''
ac_ct_DUMPBIN=''
am__EXEEXT_FALSE=''
am__EXEEXT_TRUE='#'
am__fastdepCC_FALSE='#'
am__fastdepCC_TRUE=''
am__include='include'
am__isrc=''
am__leading_dot='.'
am__nodep='_no'
am__quote=''
am__tar='$${TAR-tar} chof - "$$tardir"'
am__untar='$${TAR-tar} xf -'
bindir='${exec_prefix}/bin'
blacklist_modules=''
build='x86_64-unknown-linux-gnu'
build_alias=''
build_cpu='x86_64'
build_os='linux-gnu'
build_vendor='unknown'
datadir='${datarootdir}'
datarootdir='${prefix}/share'
docdir='${datarootdir}/doc/${PACKAGE_TARNAME}'
dvidir='${docdir}'
exec_prefix='${prefix}'
host='arm-fsl-linux-gnueabi'
host_alias='arm-fsl-linux-gnueabi'
host_cpu='arm'
host_os='linux-gnueabi'
host_vendor='fsl'
htmldir='${docdir}'
includedir='${prefix}/include'
infodir='${datarootdir}/info'
install_sh='${SHELL} /root/iptables-1.4.19/build-aux/install-sh'
kbuilddir=''
kinclude_CPPFLAGS=''
ksourcedir=''
libdir='${exec_prefix}/lib'
libexecdir='${exec_prefix}/libexec'
libiptc_LDFLAGS2='-Wl,--no-as-needed'
libnfnetlink_CFLAGS=''
libnfnetlink_LIBS=''
libxtables_vage='0'
libxtables_vcurrent='10'
libxtables_vmajor='10'
localedir='${datarootdir}/locale'
localstatedir='${prefix}/var'
mandir='${datarootdir}/man'
mkdir_p='/bin/mkdir -p'
noundef_LDFLAGS='-Wl,--no-undefined'
oldincludedir='/usr/include'
pdfdir='${docdir}'
pkgconfigdir='${libdir}/pkgconfig'
pkgdatadir='${datadir}/xtables'
prefix='/root/iptables-1.4.19/install'
program_transform_name='s,x,x,'
psdir='${docdir}'
regular_CFLAGS='-Wall -Waggregate-return -Wmissing-declarations 	-Wmissing-prototypes -Wredundant-decls -Wshadow -Wstrict-prototypes 	-Winline -pipe'
regular_CPPFLAGS='-D_LARGEFILE_SOURCE=1 -D_LARGE_FILES -D_FILE_OFFSET_BITS=64 -D_REENTRANT 	-DXTABLES_LIBDIR=\"${xtlibdir}\" -DXTABLES_INTERNAL'
sbindir='${exec_prefix}/sbin'
sharedstatedir='${prefix}/com'
sysconfdir='${prefix}/etc'
target_alias=''
xtlibdir='${exec_prefix}/lib/xtables'

## ----------- ##
## confdefs.h. ##
## ----------- ##

/* confdefs.h */
#define PACKAGE_NAME "iptables"
#define PACKAGE_TARNAME "iptables"
#define PACKAGE_VERSION "1.4.19"
#define PACKAGE_STRING "iptables 1.4.19"
#define PACKAGE_BUGREPORT ""
#define PACKAGE_URL ""
#define PACKAGE "iptables"
#define VERSION "1.4.19"
#define STDC_HEADERS 1
#define HAVE_SYS_TYPES_H 1
#define HAVE_SYS_STAT_H 1
#define HAVE_STDLIB_H 1
#define HAVE_STRING_H 1
#define HAVE_MEMORY_H 1
#define HAVE_STRINGS_H 1
#define HAVE_INTTYPES_H 1
#define HAVE_STDINT_H 1
#define HAVE_UNISTD_H 1
#define HAVE_DLFCN_H 1
#define LT_OBJDIR ".libs/"
#define HAVE_LINUX_DCCP_H 1
#define HAVE_LINUX_IP_VS_H 1
#define HAVE_LINUX_MAGIC_H 1
#define SIZEOF_STRUCT_IP6_HDR 40

configure: exit 0
